Opening log file:  /veracruz/home/m/marcosilva/java.log.45471

                            < M A T L A B (R) >
                  Copyright 1984-2023 The MathWorks, Inc.
                  R2023b (23.2.0.2365128) 64-bit (glnxa64)
                              August 23, 2023

 
To get started, type doc.
For product information, visit www.mathworks.com.
 
=== TESTING CVX & GUROBI CONFIGURATION ===
✔ CVX path added.
✔ GRB_LICENSE_FILE set to: /veracruz/home/m/marcosilva/matlabLCA/cvx/gurobi/a64/gurobi.lic

---------------------------------------------------------------------------
CVX: Software for Disciplined Convex Programming       (c)2014 CVX Research
Version 2.2, Build 1148 (62bfcca)                  Tue Jan 28 00:51:35 2020
---------------------------------------------------------------------------
Installation info:
    Path: /veracruz/home/m/marcosilva/matlabLCA/cvx
    MATLAB version: 23.2 (R2023b)
    OS: Linux amd64 version 3.10.0-1062.18.1.el7.x86_64
    Java version: 1.8.0_202
Verfying CVX directory contents:
    WARNING: The following files/directories are missing:
        /veracruz/home/m/marcosilva/matlabLCA/cvx/sedumi/.travis.yml
    These omissions may prevent CVX from operating properly.
    WARNING: The following extra files/directories were found:
        /veracruz/home/m/marcosilva/matlabLCA/cvx/gurobi/a64/gurobi.lic
    These files may alter the behavior of CVX in unsupported ways.
Preferences: 
    Path: /veracruz/home/m/marcosilva/.matlab/cvx_prefs.mat
License host:
    Username: marcosilva
    Host ID: c45444b1ad2f (eno1,10.200.1.109)
Installed license:
    No license installed.
No valid licenses found.
    <a href="http://cvxr.com/cvx/academic?c_act=fill&c_unm=marcosilva&c_hid=c45444b1ad2f
">Click here</a> to fill out an academic license request
    for the username and first hostid listed above.
---------------------------------------------------------------------------
Setting CVX paths...done.
Saving updated path...failed. (see below)
Searching for solvers...5 shims found.
2 solvers initialized (* = default):
 *  SDPT3    4.0        {cvx}/sdpt3
    SeDuMi   1.3.4      {cvx}/sedumi
3 solvers skipped:
    GLPK                
        Could not find a GLPK installation.
    Gurobi   unknown    {cvx}/gurobi/a64
        No valid Gurobi license was found.
    Mosek    9.1.9      {cvx}/mosek/a64
        Using MOSEK with CVX requires an academic MOSEK license
        or a MOSEK-enabled CVX Professional license.
Saving updated preferences...done.
Testing with a simple model...done!
---------------------------------------------------------------------------
To change the default solver, type "cvx_solver <solver_name>".
To save this change for future sessions, type "cvx_save_prefs".
Please consult the users' guide for more information.
---------------------------------------------------------------------------
NOTE: the MATLAB path has been changed to point to the CVX distribution. To
use CVX without having to re-run CVX_SETUP every time MATLAB starts, you
will need to save this path permanently. This script attempted to do this
for you, but failed---likely due to UNIX permissions restrictions.
To solve the problem, create a startup.m file containing the line:
    run /veracruz/home/m/marcosilva/matlabLCA/cvx/cvx_startup.m
Consult the MATLAB documentation for the proper location for that file.
Then execute the following MATLAB commands:
    userpath reset; startup
---------------------------------------------------------------------------

✔ CVX setup completed.
✔ Available CVX solvers:
SDPT3
